[debug] [2021-10-23T22:41:18.828Z] ----------------------------------------------------------------------
[debug] [2021-10-23T22:41:18.835Z] Command:       C:\Program Files\nodejs\node.exe C:\Users\andre\AppData\Roaming\npm\node_modules\firebase-tools\lib\bin\firebase.js deploy
[debug] [2021-10-23T22:41:18.837Z] CLI Version:   9.21.0
[debug] [2021-10-23T22:41:18.837Z] Platform:      win32
[debug] [2021-10-23T22:41:18.837Z] Node Version:  v14.17.4
[debug] [2021-10-23T22:41:18.840Z] Time:          Sat Oct 23 2021 17:41:18 GMT-0500 (hora estándar de Colombia)
[debug] [2021-10-23T22:41:18.840Z] ----------------------------------------------------------------------
[debug] 
[debug] [2021-10-23T22:41:18.994Z] > command requires scopes: ["email","openid","https://www.googleapis.com/auth/cloudplatformprojects.readonly","https://www.googleapis.com/auth/firebase","https://www.googleapis.com/auth/cloud-platform"]
[debug] [2021-10-23T22:41:18.994Z] > authorizing via signed-in user (palma.castaneda030@gmail.com)
[debug] [2021-10-23T22:41:18.995Z] [iam] checking project prueba-final-483a2 for permissions ["firebase.projects.get","firebasehosting.sites.update"]
[debug] [2021-10-23T22:41:19.000Z] >>> HTTP REQUEST POST https://cloudresourcemanager.googleapis.com/v1/projects/prueba-final-483a2:testIamPermissions  
 {"permissions":["firebase.projects.get","firebasehosting.sites.update"]}
[debug] [2021-10-23T22:41:20.326Z] <<< HTTP RESPONSE 200 {"content-type":"application/json; charset=UTF-8","vary":"X-Origin, Referer, Origin,Accept-Encoding","date":"Sat, 23 Oct 2021 22:41:19 GMT","server":"ESF","cache-control":"private","x-xss-protection":"0","x-frame-options":"SAMEORIGIN","x-content-type-options":"nosniff","server-timing":"gfet4t7; dur=318","alt-svc":"h3=\":443\"; ma=2592000,h3-29=\":443\"; ma=2592000,h3-Q050=\":443\"; ma=2592000,h3-Q046=\":443\"; ma=2592000,h3-Q043=\":443\"; ma=2592000","accept-ranges":"none","transfer-encoding":"chunked"}
[debug] [2021-10-23T22:41:20.333Z] > refreshing access token with scopes: []
[debug] [2021-10-23T22:41:20.333Z] >>> HTTP REQUEST POST https://www.googleapis.com/oauth2/v3/token  
 <request body omitted>
[debug] [2021-10-23T22:41:22.877Z] <<< HTTP RESPONSE 200 {"pragma":"no-cache","expires":"Mon, 01 Jan 1990 00:00:00 GMT","cache-control":"no-cache, no-store, max-age=0, must-revalidate","date":"Sat, 23 Oct 2021 22:41:22 GMT","content-type":"application/json; charset=utf-8","vary":"X-Origin, Referer, Origin,Accept-Encoding","server":"scaffolding on HTTPServer2","x-xss-protection":"0","x-frame-options":"SAMEORIGIN","x-content-type-options":"nosniff","alt-svc":"h3=\":443\"; ma=2592000,h3-29=\":443\"; ma=2592000,h3-Q050=\":443\"; ma=2592000,h3-Q046=\":443\"; ma=2592000,h3-Q043=\":443\"; ma=2592000","accept-ranges":"none","transfer-encoding":"chunked"}
[debug] [2021-10-23T22:41:22.916Z] >>> [apiv2][query] GET https://firebase.googleapis.com/v1beta1/projects/prueba-final-483a2 [none]
[debug] [2021-10-23T22:41:34.060Z] Failed to make request to https://firebase.googleapis.com/v1beta1/projects/prueba-final-483a2
[debug] [2021-10-23T22:41:35.172Z] FirebaseError: Failed to make request to https://firebase.googleapis.com/v1beta1/projects/prueba-final-483a2
    at Client.doRequest (C:\Users\andre\AppData\Roaming\npm\node_modules\firebase-tools\lib\apiv2.js:213:19)
    at processTicksAndRejections (internal/process/task_queues.js:95:5)
    at async Client.request (C:\Users\andre\AppData\Roaming\npm\node_modules\firebase-tools\lib\apiv2.js:96:20)
    at async Object.getFirebaseProject (C:\Users\andre\AppData\Roaming\npm\node_modules\firebase-tools\lib\management\projects.js:290:21)
    at async Object.getDefaultHostingSite (C:\Users\andre\AppData\Roaming\npm\node_modules\firebase-tools\lib\getDefaultHostingSite.js:8:21)
    at async requireHostingSite (C:\Users\andre\AppData\Roaming\npm\node_modules\firebase-tools\lib\requireHostingSite.js:9:18)
    at async Object.fn (C:\Users\andre\AppData\Roaming\npm\node_modules\firebase-tools\lib\commands\deploy.js:65:9)
    at async C:\Users\andre\AppData\Roaming\npm\node_modules\firebase-tools\lib\command.js:188:17
[error] 
[error] Error: Failed to get Firebase project prueba-final-483a2. Please make sure the project exists and your account has permission to access it.
